number,value,datetime_start,datetime_complete,duration,params_colsample_bytree,params_gamma,params_learning_rate,params_max_depth,params_min_child_weight,params_n_estimators,params_reg_alpha,params_reg_lambda,params_scale_pos_weight,params_subsample,state
86,0.5022070584307365,2026-05-12 14:35:43.618725,2026-05-12 14:35:45.385095,0 days 00:00:01.766370,0.6129692168975059,1.7595935181850304,0.04832756532563377,3,27,335,2.7965676070550085,27.031201544978337,1.6567281766943929,0.7327996361283666,PRUNED
87,0.4988075877514076,2026-05-12 14:35:45.386095,2026-05-12 14:35:48.127031,0 days 00:00:02.740936,0.6008615683811743,2.2825429901936496,0.04088580432992841,3,25,322,3.2044831031692302,27.905508390424806,1.6946965003349466,0.7396570094559659,COMPLETE
88,0.5010095208398972,2026-05-12 14:35:48.128033,2026-05-12 14:35:50.937234,0 days 00:00:02.809201,0.6284278424176462,2.0711764160326003,0.04628513398614593,3,26,310,1.882599328377606,25.391587100522568,1.6227024572882098,0.7109281384992256,COMPLETE
89,0.4961683620935932,2026-05-12 14:35:50.938234,2026-05-12 14:35:53.720489,0 days 00:00:02.782255,0.6355055713747131,2.025802454882465,0.03351929530442949,3,26,310,3.608691849585528,22.833051624606473,1.6062011679160504,0.7022494498426222,COMPLETE
90,0.5015779901834757,2026-05-12 14:35:53.721491,2026-05-12 14:35:56.751688,0 days 00:00:03.030197,0.6178002934517053,2.1945427692864543,0.03683812268865918,3,23,348,1.9493170251401415,25.291142254087816,1.629398751050471,0.6913659004132994,COMPLETE
91,0.5025532576935734,2026-05-12 14:35:56.753687,2026-05-12 14:35:59.850318,0 days 00:00:03.096631,0.6204215718981918,1.7965648431137766,0.03795666713602585,3,23,350,1.86614527129107,24.420934149750614,1.6257236414234972,0.712194365636884,COMPLETE
92,0.4993698251174201,2026-05-12 14:35:59.851316,2026-05-12 14:36:02.068635,0 days 00:00:02.217319,0.6181976484231791,1.8287407269750495,0.03792823091742263,3,23,350,2.000464466419504,24.978831159506445,1.6269355933407812,0.6720041472148036,PRUNED
93,0.4979474128821882,2026-05-12 14:36:02.069634,2026-05-12 14:36:05.409034,0 days 00:00:03.339400,0.6092146173740384,2.1780451478734877,0.03698599898085616,3,25,335,2.434447930948445,25.47555747739181,1.5790529664242592,0.686313601415574,COMPLETE
94,0.48817514532574885,2026-05-12 14:36:05.411028,2026-05-12 14:36:08.302611,0 days 00:00:02.891583,0.6228171288562705,1.988578002121923,0.04439912625925058,3,22,318,3.110225490101666,9.41236092605178,1.6682285646169182,0.6975086612529788,COMPLETE
95,0.5025695537533587,2026-05-12 14:36:08.303608,2026-05-12 14:36:11.097121,0 days 00:00:02.793513,0.6525342521863304,2.473506185658767,0.03434494121109152,3,23,346,1.7598863317669309,23.58750412011721,1.6885981227290139,0.7166006954301635,COMPLETE
96,0.49909931554259607,2026-05-12 14:36:11.099123,2026-05-12 14:36:13.830441,0 days 00:00:02.731318,0.6609777978062431,1.593624402757569,0.041993417496973204,3,23,349,2.1766033900597823,24.42766585039737,1.7036425660225274,0.7117832494621325,COMPLETE
97,0.5020009403633039,2026-05-12 14:36:13.831441,2026-05-12 14:36:15.770081,0 days 00:00:01.938640,0.6495903838646961,2.4907028225581964,0.03408761691703088,3,22,358,3.8714567319288813,23.640583197574664,1.6896322049116572,0.6927977444782807,PRUNED
98,0.483363586453015,2026-05-12 14:36:15.772080,2026-05-12 14:36:17.764451,0 days 00:00:01.992371,0.6822036443516146,1.8091971062801027,0.03474741678858875,3,24,374,1.7034832962972786,24.498819946991723,1.771704150547188,0.7239938994542992,PRUNED
99,0.48938872315817256,2026-05-12 14:36:17.765451,2026-05-12 14:36:20.284715,0 days 00:00:02.519264,0.6001062948853318,2.68123701603674,0.04010074710142608,2,23,339,2.606841644292596,26.04125230725897,1.7545474072211003,0.7162773929945652,COMPLETE
